[2023-01-16 12:05:43] local.INFO: Request: [{"id":"67","g":"0","e":"2","p":"0","gf":"0","gc":"0","win":"0"}, {"id":"68","g":"0","e":"2","p":"0","gf":"0","gc":"0","win":"1"}]  
[2023-01-16 12:05:58] local.INFO: Request: "[{\"id\":\"67\",\"g\":\"0\",\"e\":\"2\",\"p\":\"0\",\"gf\":\"0\",\"gc\":\"0\",\"win\":\"0\"}, {\"id\":\"68\",\"g\":\"0\",\"e\":\"2\",\"p\":\"0\",\"gf\":\"0\",\"gc\":\"0\",\"win\":\"1\"}]"  
[2023-01-16 12:07:02] local.INFO: Request: "[{\"id\":\"67\",\"g\":\"0\",\"e\":\"2\",\"p\":\"0\",\"gf\":\"0\",\"gc\":\"0\",\"win\":\"0\"}, {\"id\":\"68\",\"g\":\"0\",\"e\":\"2\",\"p\":\"0\",\"gf\":\"0\",\"gc\":\"0\",\"win\":\"1\"}]"  
[2023-01-16 12:08:59] local.INFO: Request: [{"id":"67","g":"0","e":"2","p":"0","gf":"0","gc":"0","win":"0"}, {"id":"68","g":"0","e":"2","p":"0","gf":"0","gc":"0","win":"1"}]  
[2023-01-16 12:11:24] local.INFO: ErrorException: Invalid argument supplied for foreach() in C:\xampp\htdocs\PesRiver\app\Http\Controllers\Api\GrupoController.php:451
Stack trace:
#0 C:\xampp\htdocs\PesRiver\app\Http\Controllers\Api\GrupoController.php(451): Illuminate\Foundation\Bootstrap\HandleExceptions->handleError(2, 'Invalid argumen...', 'C:\\xampp\\htdocs...', 451, Array)
#1 C:\xampp\htdocs\PesRiver\app\Helpers\helper.php(81): App\Http\Controllers\Api\GrupoController->App\Http\Controllers\Api\{closure}()
#2 C:\xampp\htdocs\PesRiver\app\Http\Controllers\Api\GrupoController.php(466): processTransaction(Object(Closure), 'Grupo actualiza...', 'Error al actual...')
#3 C:\xampp\htdocs\PesRiver\vendor\laravel\framework\src\Illuminate\Routing\Controller.php(54): App\Http\Controllers\Api\GrupoController->upadeGrupo(Object(Illuminate\Http\Request))
#4 C:\xampp\htdocs\PesRiver\vendor\laravel\framework\src\Illuminate\Routing\ControllerDispatcher.php(45): Illuminate\Routing\Controller->callAction('upadeGrupo', Array)
#5 C:\xampp\htdocs\PesRiver\vendor\laravel\framework\src\Illuminate\Routing\Route.php(262): Illuminate\Routing\ControllerDispatcher->dispatch(Object(Illuminate\Routing\Route), Object(App\Http\Controllers\Api\GrupoController), 'upadeGrupo')
#6 C:\xampp\htdocs\PesRiver\vendor\laravel\framework\src\Illuminate\Routing\Route.php(205): Illuminate\Routing\Route->runController()
#7 C:\xampp\htdocs\PesRiver\vendor\laravel\framework\src\Illuminate\Routing\Router.php(721): Illuminate\Routing\Route->run()
#8 C:\xampp\htdocs\PesRiver\vendor\laravel\framework\src\Illuminate\Pipeline\Pipeline.php(128): Illuminate\Routing\Router->Illuminate\Routing\{closure}(Object(Illuminate\Http\Request))
#9 C:\xampp\htdocs\PesRiver\vendor\laravel\framework\src\Illuminate\Routing\Middleware\SubstituteBindings.php(50): Illuminate\Pipeline\Pipeline->Illuminate\Pipeline\{closure}(Object(Illuminate\Http\Request))
#10 C:\xampp\htdocs\PesRiver\vendor\laravel\framework\src\Illuminate\Pipeline\Pipeline.php(167): Illuminate\Routing\Middleware\SubstituteBindings->handle(Object(Illuminate\Http\Request), Object(Closure))
#11 C:\xampp\htdocs\PesRiver\vendor\laravel\framework\src\Illuminate\Routing\Middleware\ThrottleRequests.php(127): Illuminate\Pipeline\Pipeline->Illuminate\Pipeline\{closure}(Object(Illuminate\Http\Request))
#12 C:\xampp\htdocs\PesRiver\vendor\laravel\framework\src\Illuminate\Routing\Middleware\ThrottleRequests.php(103): Illuminate\Routing\Middleware\ThrottleRequests->handleRequest(Object(Illuminate\Http\Request), Object(Closure), Array)
#13 C:\xampp\htdocs\PesRiver\vendor\laravel\framework\src\Illuminate\Routing\Middleware\ThrottleRequests.php(55): Illuminate\Routing\Middleware\ThrottleRequests->handleRequestUsingNamedLimiter(Object(Illuminate\Http\Request), Object(Closure), 'api', Object(Closure))
#14 C:\xampp\htdocs\PesRiver\vendor\laravel\framework\src\Illuminate\Pipeline\Pipeline.php(167): Illuminate\Routing\Middleware\ThrottleRequests->handle(Object(Illuminate\Http\Request), Object(Closure), 'api')
#15 C:\xampp\htdocs\PesRiver\vendor\laravel\framework\src\Illuminate\Auth\Middleware\Authenticate.php(44): Illuminate\Pipeline\Pipeline->Illuminate\Pipeline\{closure}(Object(Illuminate\Http\Request))
#16 C:\xampp\htdocs\PesRiver\vendor\laravel\framework\src\Illuminate\Pipeline\Pipeline.php(167): Illuminate\Auth\Middleware\Authenticate->handle(Object(Illuminate\Http\Request), Object(Closure), 'api')
#17 C:\xampp\htdocs\PesRiver\vendor\laravel\framework\src\Illuminate\Pipeline\Pipeline.php(103): Illuminate\Pipeline\Pipeline->Illuminate\Pipeline\{closure}(Object(Illuminate\Http\Request))
#18 C:\xampp\htdocs\PesRiver\vendor\laravel\framework\src\Illuminate\Routing\Router.php(723): Illuminate\Pipeline\Pipeline->then(Object(Closure))
#19 C:\xampp\htdocs\PesRiver\vendor\laravel\framework\src\Illuminate\Routing\Router.php(698): Illuminate\Routing\Router->runRouteWithinStack(Object(Illuminate\Routing\Route), Object(Illuminate\Http\Request))
#20 C:\xampp\htdocs\PesRiver\vendor\laravel\framework\src\Illuminate\Routing\Router.php(662): Illuminate\Routing\Router->runRoute(Object(Illuminate\Http\Request), Object(Illuminate\Routing\Route))
#21 C:\xampp\htdocs\PesRiver\vendor\laravel\framework\src\Illuminate\Routing\Router.php(651): Illuminate\Routing\Router->dispatchToRoute(Object(Illuminate\Http\Request))
#22 C:\xampp\htdocs\PesRiver\vendor\laravel\framework\src\Illuminate\Foundation\Http\Kernel.php(167): Illuminate\Routing\Router->dispatch(Object(Illuminate\Http\Request))
#23 C:\xampp\htdocs\PesRiver\vendor\laravel\framework\src\Illuminate\Pipeline\Pipeline.php(128): Illuminate\Foundation\Http\Kernel->Illuminate\Foundation\Http\{closure}(Object(Illuminate\Http\Request))
#24 C:\xampp\htdocs\PesRiver\vendor\laravel\framework\src\Illuminate\Foundation\Http\Middleware\TransformsRequest.php(21): Illuminate\Pipeline\Pipeline->Illuminate\Pipeline\{closure}(Object(Illuminate\Http\Request))
#25 C:\xampp\htdocs\PesRiver\vendor\laravel\framework\src\Illuminate\Foundation\Http\Middleware\ConvertEmptyStringsToNull.php(31): Illuminate\Foundation\Http\Middleware\TransformsRequest->handle(Object(Illuminate\Http\Request), Object(Closure))
#26 C:\xampp\htdocs\PesRiver\vendor\laravel\framework\src\Illuminate\Pipeline\Pipeline.php(167): Illuminate\Foundation\Http\Middleware\ConvertEmptyStringsToNull->handle(Object(Illuminate\Http\Request), Object(Closure))
#27 C:\xampp\htdocs\PesRiver\vendor\laravel\framework\src\Illuminate\Foundation\Http\Middleware\TransformsRequest.php(21): Illuminate\Pipeline\Pipeline->Illuminate\Pipeline\{closure}(Object(Illuminate\Http\Request))
#28 C:\xampp\htdocs\PesRiver\vendor\laravel\framework\src\Illuminate\Foundation\Http\Middleware\TrimStrings.php(40): Illuminate\Foundation\Http\Middleware\TransformsRequest->handle(Object(Illuminate\Http\Request), Object(Closure))
#29 C:\xampp\htdocs\PesRiver\vendor\laravel\framework\src\Illuminate\Pipeline\Pipeline.php(167): Illuminate\Foundation\Http\Middleware\TrimStrings->handle(Object(Illuminate\Http\Request), Object(Closure))
#30 C:\xampp\htdocs\PesRiver\vendor\laravel\framework\src\Illuminate\Foundation\Http\Middleware\ValidatePostSize.php(27): Illuminate\Pipeline\Pipeline->Illuminate\Pipeline\{closure}(Object(Illuminate\Http\Request))
#31 C:\xampp\htdocs\PesRiver\vendor\laravel\framework\src\Illuminate\Pipeline\Pipeline.php(167): Illuminate\Foundation\Http\Middleware\ValidatePostSize->handle(Object(Illuminate\Http\Request), Object(Closure))
#32 C:\xampp\htdocs\PesRiver\vendor\laravel\framework\src\Illuminate\Foundation\Http\Middleware\PreventRequestsDuringMaintenance.php(86): Illuminate\Pipeline\Pipeline->Illuminate\Pipeline\{closure}(Object(Illuminate\Http\Request))
#33 C:\xampp\htdocs\PesRiver\vendor\laravel\framework\src\Illuminate\Pipeline\Pipeline.php(167): Illuminate\Foundation\Http\Middleware\PreventRequestsDuringMaintenance->handle(Object(Illuminate\Http\Request), Object(Closure))
#34 C:\xampp\htdocs\PesRiver\vendor\fruitcake\laravel-cors\src\HandleCors.php(52): Illuminate\Pipeline\Pipeline->Illuminate\Pipeline\{closure}(Object(Illuminate\Http\Request))
#35 C:\xampp\htdocs\PesRiver\vendor\laravel\framework\src\Illuminate\Pipeline\Pipeline.php(167): Fruitcake\Cors\HandleCors->handle(Object(Illuminate\Http\Request), Object(Closure))
#36 C:\xampp\htdocs\PesRiver\vendor\laravel\framework\src\Illuminate\Http\Middleware\TrustProxies.php(39): Illuminate\Pipeline\Pipeline->Illuminate\Pipeline\{closure}(Object(Illuminate\Http\Request))
#37 C:\xampp\htdocs\PesRiver\vendor\laravel\framework\src\Illuminate\Pipeline\Pipeline.php(167): Illuminate\Http\Middleware\TrustProxies->handle(Object(Illuminate\Http\Request), Object(Closure))
#38 C:\xampp\htdocs\PesRiver\vendor\laravel\framework\src\Illuminate\Pipeline\Pipeline.php(103): Illuminate\Pipeline\Pipeline->Illuminate\Pipeline\{closure}(Object(Illuminate\Http\Request))
#39 C:\xampp\htdocs\PesRiver\vendor\laravel\framework\src\Illuminate\Foundation\Http\Kernel.php(142): Illuminate\Pipeline\Pipeline->then(Object(Closure))
#40 C:\xampp\htdocs\PesRiver\vendor\laravel\framework\src\Illuminate\Foundation\Http\Kernel.php(111): Illuminate\Foundation\Http\Kernel->sendRequestThroughRouter(Object(Illuminate\Http\Request))
#41 C:\xampp\htdocs\PesRiver\public\index.php(52): Illuminate\Foundation\Http\Kernel->handle(Object(Illuminate\Http\Request))
#42 {main}  
